{"level":"info","msg":"应用启动中...","time":"2025-07-28T10:00:39+08:00"}
{"level":"info","msg":"PostgreSQL连接成功","time":"2025-07-28T10:00:39+08:00"}
{"level":"info","msg":"Redis连接成功","time":"2025-07-28T10:00:39+08:00"}
{"level":"info","msg":"所有数据库连接成功！","time":"2025-07-28T10:00:39+08:00"}
[GIN-debug] [WARNING] Creating an Engine instance with the Logger and Recovery middleware already attached.

[GIN-debug] [WARNING] Running in "debug" mode. Switch to "release" mode in production.
 - using env:	export GIN_MODE=release
 - using code:	gin.SetMode(gin.ReleaseMode)

[GIN-debug] GET    /                         --> qxbis-backend/routes.SetupRoutes.func1 (3 handlers)
[GIN-debug] GET    /swagger/*any             --> github.com/swaggo/gin-swagger.CustomWrapHandler.func1 (3 handlers)
[GIN-debug] GET    /docs                     --> github.com/swaggo/gin-swagger.CustomWrapHandler.func1 (3 handlers)
[GIN-debug] POST   /api/v1/events/           --> qxbis-backend/handlers.(*EventHandler).CollectEvent-fm (3 handlers)
[GIN-debug] GET    /api/v1/events/:event_type --> qxbis-backend/handlers.(*EventHandler).GetEventsByType-fm (3 handlers)
[GIN-debug] GET    /api/v1/events/:event_type/count --> qxbis-backend/handlers.(*EventHandler).GetEventCount-fm (3 handlers)
[GIN-debug] GET    /api/v1/health/           --> qxbis-backend/handlers.(*HealthHandler).HealthCheck-fm (3 handlers)
[GIN-debug] GET    /api/v1/health/ready      --> qxbis-backend/handlers.(*HealthHandler).ReadinessCheck-fm (3 handlers)
[GIN-debug] GET    /api/v1/stats/            --> qxbis-backend/handlers.(*StatsHandler).GetStats-fm (3 handlers)
[GIN-debug] GET    /api/v1/stats/:event_type --> qxbis-backend/handlers.(*StatsHandler).GetEventTypeStats-fm (3 handlers)
{"level":"info","msg":"服务器启动在端口 8000","time":"2025-07-28T10:00:39+08:00"}
[GIN] 2025/07/28 - 10:00:43 | 200 |      36.848µs |             ::1 | GET      "/"
[GIN] 2025/07/28 - 10:00:43 | 200 |     361.639µs |             ::1 | GET      "/swagger/doc.json"
[GIN] 2025/07/28 - 10:00:43 | 404 |       1.069µs |             ::1 | HEAD     "/swagger/index.html"
[GIN] 2025/07/28 - 10:00:43 | 200 |     338.443µs |             ::1 | GET      "/swagger/doc.json"
[GIN] 2025/07/28 - 10:00:43 | 200 |    2.379627ms |             ::1 | GET      "/api/v1/health/"
[GIN] 2025/07/28 - 10:00:57 | 200 |      80.738µs |             ::1 | GET      "/"
[GIN] 2025/07/28 - 10:00:57 | 200 |     257.851µs |             ::1 | GET      "/swagger/doc.json"
[GIN] 2025/07/28 - 10:00:57 | 404 |         593ns |             ::1 | HEAD     "/swagger/"
[GIN] 2025/07/28 - 10:00:57 | 200 |     392.286µs |             ::1 | GET      "/swagger/doc.json"
[GIN] 2025/07/28 - 10:00:57 | 200 |    1.503174ms |             ::1 | GET      "/api/v1/health/"
[GIN] 2025/07/28 - 10:01:05 | 200 |      302.57µs |             ::1 | GET      "/swagger/index.html"
[GIN] 2025/07/28 - 10:01:20 | 200 |      55.126µs |             ::1 | GET      "/"
[GIN] 2025/07/28 - 10:01:20 | 200 |     152.021µs |             ::1 | GET      "/swagger/doc.json"
[GIN] 2025/07/28 - 10:01:20 | 404 |         456ns |             ::1 | HEAD     "/swagger/index.html"
[GIN] 2025/07/28 - 10:01:20 | 200 |     146.806µs |             ::1 | GET      "/swagger/doc.json"
[GIN] 2025/07/28 - 10:01:20 | 200 |     933.118µs |             ::1 | GET      "/api/v1/health/"
[GIN] 2025/07/28 - 10:01:24 | 200 |     184.331µs |             ::1 | GET      "/swagger/index.html"
[GIN] 2025/07/28 - 10:02:45 | 200 |     260.738µs |             ::1 | GET      "/swagger/index.html"
[GIN] 2025/07/28 - 10:02:45 | 200 |     250.469µs |             ::1 | GET      "/swagger/swagger-ui.css"
[GIN] 2025/07/28 - 10:02:45 | 200 |     771.563µs |             ::1 | GET      "/swagger/swagger-ui-standalone-preset.js"
[GIN] 2025/07/28 - 10:02:45 | 200 |    7.058057ms |             ::1 | GET      "/swagger/swagger-ui-bundle.js"
[GIN] 2025/07/28 - 10:02:45 | 200 |     131.831µs |             ::1 | GET      "/swagger/doc.json"
[GIN] 2025/07/28 - 10:02:45 | 200 |      44.782µs |             ::1 | GET      "/swagger/favicon-32x32.png"
